2023-03-07 16:23:00,187 ************************** Test Execution Started ************************************ 
2023-03-07 16:23:15,649 Facebook login test: Test started 
2023-03-07 16:23:15,649 Google search test: Test started 
2023-03-07 16:23:24,357 Facebook login test : Test Failed : Login failed : Test failed expected [true] but found [false] 
2023-03-07 16:23:27,703 Google search test : Test Passed 
2023-03-07 16:23:29,262 Total number of testcases : 2 
2023-03-07 16:23:29,263 Number of testcases Passed : 1 
2023-03-07 16:23:29,263 Number of testcases Failed : 1 
2023-03-07 16:23:29,263 Number of testcases Skipped  : 0 
2023-03-07 16:23:29,264 Mail sending toggel is set to false 
2023-03-07 16:23:29,264 Mail sent : false 
2023-03-07 16:23:29,265 ************************** Test Execution Finished ************************************ 
2023-05-10 12:18:44,788 ************************** Test Execution Started ************************************ 
2023-05-10 12:19:03,768 Google search test: Test started 
2023-05-10 12:19:03,768 Facebook login test: Test started 
2023-05-10 12:19:16,012 Facebook login test : Test Failed : Login failed : Test failed expected [true] but found [false] 
2023-05-10 12:19:17,496 Total number of testcases : 2 
2023-05-10 12:19:17,496 Number of testcases Passed : 0 
2023-05-10 12:19:17,496 Number of testcases Failed : 1 
2023-05-10 12:19:17,496 Number of testcases Skipped  : 0 
2023-05-10 12:19:17,498 Mail sending toggel is set to false 
2023-05-10 12:19:17,498 Mail sent : false 
2023-05-10 12:19:17,498 ************************** Test Execution Finished ************************************ 
2023-05-10 12:50:11,609 ************************** Test Execution Started ************************************ 
2023-05-10 12:50:18,252 Facebook login test: Test started 
2023-05-10 12:50:21,251 Facebook login test : Test Failed : Login failed : Test failed expected [true] but found [false] 
2023-05-10 12:50:31,607 Total number of testcases : 1 
2023-05-10 12:50:31,607 Number of testcases Passed : 0 
2023-05-10 12:50:31,608 Number of testcases Failed : 1 
2023-05-10 12:50:31,608 Number of testcases Skipped  : 0 
2023-05-10 12:50:31,610 Mail sending toggel is set to false 
2023-05-10 12:50:31,611 Mail sent : false 
2023-05-10 12:50:31,611 ************************** Test Execution Finished ************************************ 
2023-05-10 13:09:24,543 ************************** Test Execution Started ************************************ 
2023-05-10 13:09:29,821 Facebook login test: Test started 
2023-05-10 13:09:42,732 Facebook login test : Test Failed : Login failed : Test failed expected [true] but found [false] 
2023-05-10 13:09:44,306 Total number of testcases : 1 
2023-05-10 13:09:44,307 Number of testcases Passed : 0 
2023-05-10 13:09:44,307 Number of testcases Failed : 1 
2023-05-10 13:09:44,307 Number of testcases Skipped  : 0 
2023-05-10 13:09:44,309 Mail sending toggel is set to false 
2023-05-10 13:09:44,309 Mail sent : false 
2023-05-10 13:09:44,309 ************************** Test Execution Finished ************************************ 
2023-05-10 13:31:39,955 ************************** Test Execution Started ************************************ 
2023-05-10 13:31:46,387 Add cart test: Test started 
2023-05-10 13:32:06,637 Add cart test : Test Passed 
2023-05-10 13:32:09,560 Total number of testcases : 1 
2023-05-10 13:32:09,560 Number of testcases Passed : 1 
2023-05-10 13:32:09,560 Number of testcases Failed : 0 
2023-05-10 13:32:09,560 Number of testcases Skipped  : 0 
2023-05-10 13:32:09,563 Mail sending toggel is set to false 
2023-05-10 13:32:09,563 Mail sent : false 
2023-05-10 13:32:09,563 ************************** Test Execution Finished ************************************ 
2023-05-10 13:34:02,136 ************************** Test Execution Started ************************************ 
2023-05-10 13:34:07,589 Google search test: Test started 
2023-05-10 13:34:23,851 Google search test : Test Passed 
2023-05-10 13:34:29,184 Facebook login test: Test started 
2023-05-10 13:34:42,299 Facebook login test : Test Failed : Login failed : Test failed expected [true] but found [false] 
2023-05-10 13:34:47,159 Add cart test: Test started 
2023-05-10 13:35:03,262 Add cart test : Test Passed 
2023-05-10 13:35:05,074 Total number of testcases : 3 
2023-05-10 13:35:05,074 Number of testcases Passed : 2 
2023-05-10 13:35:05,074 Number of testcases Failed : 1 
2023-05-10 13:35:05,074 Number of testcases Skipped  : 0 
2023-05-10 13:35:05,077 Mail sending toggel is set to false 
2023-05-10 13:35:05,077 Mail sent : false 
2023-05-10 13:35:05,077 ************************** Test Execution Finished ************************************ 
2023-05-10 14:41:22,741 ************************** Test Execution Started ************************************ 
2023-05-10 14:41:27,723 Google search test: Test started 
2023-05-10 14:43:27,895 ************************** Test Execution Started ************************************ 
2023-05-10 14:43:33,219 Google search test: Test started 
2023-05-10 14:43:45,505 Google search test : Test Passed 
2023-05-10 14:43:51,381 Facebook login test: Test started 
2023-05-10 14:43:54,711 Facebook login test : Test Failed : Login failed : Test failed expected [true] but found [false] 
2023-05-10 14:44:09,027 Add cart test: Test started 
2023-05-10 14:44:33,660 Add cart test : Test Passed 
2023-05-10 14:44:35,123 launch: Test started 
2023-05-10 14:44:44,241 launch : Test Passed 
2023-05-10 14:44:45,255 Total number of testcases : 4 
2023-05-10 14:44:45,255 Number of testcases Passed : 3 
2023-05-10 14:44:45,255 Number of testcases Failed : 1 
2023-05-10 14:44:45,255 Number of testcases Skipped  : 0 
2023-05-10 14:44:45,261 Mail sending toggel is set to false 
2023-05-10 14:44:45,261 Mail sent : false 
2023-05-10 14:44:45,261 ************************** Test Execution Finished ************************************ 
2023-05-10 14:48:12,051 ************************** Test Execution Started ************************************ 
2023-05-10 14:48:17,349 Google search test: Test started 
2023-05-10 14:48:28,440 Google search test : Test Passed 
2023-05-10 14:48:33,745 Facebook login test: Test started 
2023-05-10 14:48:46,537 Facebook login test : Test Failed : Login failed : Test failed expected [true] but found [false] 
2023-05-10 14:48:51,552 Add cart test: Test started 
2023-05-10 14:49:10,233 Add cart test : Test Passed 
2023-05-10 14:49:11,420 launch: Test started 
2023-05-10 14:49:25,846 launch : Test Passed 
2023-05-10 14:49:26,383 Total number of testcases : 4 
2023-05-10 14:49:26,383 Number of testcases Passed : 3 
2023-05-10 14:49:26,383 Number of testcases Failed : 1 
2023-05-10 14:49:26,383 Number of testcases Skipped  : 0 
2023-05-10 14:49:26,387 Mail sending toggel is set to false 
2023-05-10 14:49:26,387 Mail sent : false 
2023-05-10 14:49:26,387 ************************** Test Execution Finished ************************************ 
2023-05-10 15:20:25,950 Mail sending toggel is set to false 
2023-05-10 15:34:48,196 Mail sending toggel is set to false 
2023-05-10 15:36:30,937 Mail sending toggel is set to false 
2023-05-12 10:29:39,501 ************************** Test Execution Started ************************************ 
2023-05-12 10:29:49,605 Google search test: Test started 
2023-05-12 10:30:03,804 Google search test : Test Passed 
2023-05-12 10:30:09,101 Facebook login test: Test started 
2023-05-12 10:30:11,834 Facebook login test : Test Failed : Login failed : Test failed expected [true] but found [false] 
2023-05-12 10:30:18,952 Add cart test: Test started 
2023-05-12 10:30:38,870 Add cart test : Test Passed 
2023-05-12 10:30:38,873 Add cart test : Test Failed : Session ID is null. Using WebDriver after calling quit()?
Build info: version: '3.141.59', revision: 'e82be7d358', time: '2018-11-14T08:17:03'
System info: host: 'AIPL3327LT12257', ip: '192.168.43.69', os.name: 'Windows 10', os.arch: 'amd64', os.version: '10.0', java.version: '17.0.6'
Driver info: driver.version: RemoteWebDriver 
2023-05-12 10:30:38,878 launch: Test started 
2023-05-12 10:30:46,615 launch : Test Passed 
2023-05-12 10:30:47,682 Total number of testcases : 4 
2023-05-12 10:30:47,682 Number of testcases Passed : 2 
2023-05-12 10:30:47,682 Number of testcases Failed : 1 
2023-05-12 10:30:47,682 Number of testcases Skipped  : 0 
2023-05-12 10:30:47,682 ************************** Test Execution Finished ************************************ 
2023-05-12 11:08:20,255 ************************** Test Execution Started ************************************ 
2023-05-12 11:08:25,439 Google search test: Test started 
2023-05-12 11:08:34,604 Google search test : Test Passed 
2023-05-12 11:08:39,364 Facebook login test: Test started 
2023-05-12 11:08:46,577 Facebook login test : Test Failed : Login failed : Test failed expected [true] but found [false] 
2023-05-12 11:08:51,885 Add cart test: Test started 
2023-05-12 11:09:12,629 launch: Test started 
2023-05-12 11:09:23,360 Total number of testcases : 4 
2023-05-12 11:09:23,360 Number of testcases Passed : 1 
2023-05-12 11:09:23,360 Number of testcases Failed : 1 
2023-05-12 11:09:23,360 Number of testcases Skipped  : 0 
2023-05-12 11:09:23,360 ************************** Test Execution Finished ************************************ 
2023-05-12 11:11:33,859 ************************** Test Execution Started ************************************ 
2023-05-12 11:11:38,809 Google search test: Test started 
2023-05-12 11:11:47,983 Google search test : Test Passed 
2023-05-12 11:11:53,535 Facebook login test: Test started 
2023-05-12 11:11:55,661 Facebook login test : Test Failed : Login failed : Test failed expected [true] but found [false] 
2023-05-12 11:12:06,638 Add cart test: Test started 
2023-05-12 11:12:22,923 Add cart test : Test Passed 
2023-05-12 11:12:24,111 launch: Test started 
2023-05-12 11:12:33,407 launch : Test Passed 
2023-05-12 11:12:33,411 launch : Test Failed : Session ID is null. Using WebDriver after calling quit()?
Build info: version: '3.141.59', revision: 'e82be7d358', time: '2018-11-14T08:17:03'
System info: host: 'AIPL3327LT12257', ip: '192.168.43.69', os.name: 'Windows 10', os.arch: 'amd64', os.version: '10.0', java.version: '17.0.6'
Driver info: driver.version: RemoteWebDriver 
2023-05-12 11:12:33,898 Total number of testcases : 4 
2023-05-12 11:12:33,898 Number of testcases Passed : 2 
2023-05-12 11:12:33,898 Number of testcases Failed : 1 
2023-05-12 11:12:33,898 Number of testcases Skipped  : 0 
2023-05-12 11:12:33,898 ************************** Test Execution Finished ************************************ 
2023-05-12 11:15:50,183 ************************** Test Execution Started ************************************ 
2023-05-12 11:15:55,646 Google search test: Test started 
2023-05-12 11:16:04,473 Google search test : Test Passed 
2023-05-12 11:16:09,904 Facebook login test: Test started 
2023-05-12 11:16:12,206 Facebook login test : Test Failed : Login failed : Test failed expected [true] but found [false] 
2023-05-12 11:16:24,167 Add cart test: Test started 
2023-05-12 11:16:25,415 Add cart test : Test Failed : unknown error: net::ERR_NAME_NOT_RESOLVED
  (Session info: chrome=113.0.5672.93)
Build info: version: '3.141.59', revision: 'e82be7d358', time: '2018-11-14T08:17:03'
System info: host: 'AIPL3327LT12257', ip: '192.168.43.69', os.name: 'Windows 10', os.arch: 'amd64', os.version: '10.0', java.version: '17.0.6'
Driver info: org.openqa.selenium.chrome.ChromeDriver
Capabilities {acceptInsecureCerts: false, browserName: chrome, browserVersion: 113.0.5672.93, chrome: {chromedriverVersion: 113.0.5672.63 (0e1a4471d5ae..., userDataDir: D:\Users\nbogolu\AppData\Lo...}, goog:chromeOptions: {debuggerAddress: localhost:65273}, javascriptEnabled: true, networkConnectionEnabled: false, pageLoadStrategy: normal, platform: WINDOWS, platformName: WINDOWS, proxy: Proxy(), setWindowRect: true, strictFileInteractability: false, timeouts: {implicit: 0, pageLoad: 300000, script: 30000}, unhandledPromptBehavior: dismiss and notify, webauthn:extension:credBlob: true, webauthn:extension:largeBlob: true, webauthn:extension:minPinLength: true, webauthn:extension:prf: true, webauthn:virtualAuthenticators: true}
Session ID: 0656117732f2682909fa6621ea49f1dd 
2023-05-12 11:16:26,405 Launch browser test: Test started 
2023-05-12 11:16:33,503 Launch browser test : Test Failed : unknown error: net::ERR_NAME_NOT_RESOLVED
  (Session info: chrome=113.0.5672.93)
Build info: version: '3.141.59', revision: 'e82be7d358', time: '2018-11-14T08:17:03'
System info: host: 'AIPL3327LT12257', ip: '192.168.43.69', os.name: 'Windows 10', os.arch: 'amd64', os.version: '10.0', java.version: '17.0.6'
Driver info: org.openqa.selenium.chrome.ChromeDriver
Capabilities {acceptInsecureCerts: false, browserName: chrome, browserVersion: 113.0.5672.93, chrome: {chromedriverVersion: 113.0.5672.63 (0e1a4471d5ae..., userDataDir: D:\Users\nbogolu\AppData\Lo...}, goog:chromeOptions: {debuggerAddress: localhost:58294}, javascriptEnabled: true, networkConnectionEnabled: false, pageLoadStrategy: normal, platform: WINDOWS, platformName: WINDOWS, proxy: Proxy(), setWindowRect: true, strictFileInteractability: false, timeouts: {implicit: 0, pageLoad: 300000, script: 30000}, unhandledPromptBehavior: dismiss and notify, webauthn:extension:credBlob: true, webauthn:extension:largeBlob: true, webauthn:extension:minPinLength: true, webauthn:extension:prf: true, webauthn:virtualAuthenticators: true}
Session ID: de566a5cc273e8dbd47fdbf558d29acc 
2023-05-12 11:16:34,522 Total number of testcases : 4 
2023-05-12 11:16:34,522 Number of testcases Passed : 1 
2023-05-12 11:16:34,522 Number of testcases Failed : 3 
2023-05-12 11:16:34,522 Number of testcases Skipped  : 0 
2023-05-12 11:16:34,522 ************************** Test Execution Finished ************************************ 
2023-05-12 11:18:27,318 ************************** Test Execution Started ************************************ 
2023-05-12 11:18:32,789 Google search test: Test started 
2023-05-12 11:18:40,633 Google search test : Test Passed 
2023-05-12 11:18:46,053 Facebook login test: Test started 
2023-05-12 11:18:48,058 Facebook login test : Test Failed : Login failed : Test failed expected [true] but found [false] 
2023-05-12 11:19:01,180 Add cart test: Test started 
2023-05-12 11:19:18,257 Add cart test : Test Passed 
2023-05-12 11:19:19,532 Launch browser test: Test started 
2023-05-12 11:19:29,474 Launch browser test : Test Passed 
2023-05-12 11:19:29,479 Launch browser test : Test Failed : Session ID is null. Using WebDriver after calling quit()?
Build info: version: '3.141.59', revision: 'e82be7d358', time: '2018-11-14T08:17:03'
System info: host: 'AIPL3327LT12257', ip: '192.168.43.69', os.name: 'Windows 10', os.arch: 'amd64', os.version: '10.0', java.version: '17.0.6'
Driver info: driver.version: RemoteWebDriver 
2023-05-12 11:19:30,084 Total number of testcases : 4 
2023-05-12 11:19:30,084 Number of testcases Passed : 2 
2023-05-12 11:19:30,084 Number of testcases Failed : 1 
2023-05-12 11:19:30,084 Number of testcases Skipped  : 0 
2023-05-12 11:19:30,084 ************************** Test Execution Finished ************************************ 
2023-05-12 11:21:08,728 ************************** Test Execution Started ************************************ 
2023-05-12 11:21:14,635 Google search test: Test started 
2023-05-12 11:21:23,435 Google search test : Test Passed 
2023-05-12 11:21:30,118 Facebook login test: Test started 
2023-05-12 11:21:32,801 Facebook login test : Test Failed : Login failed : Test failed expected [true] but found [false] 
2023-05-12 11:21:44,534 Add cart test: Test started 
2023-05-12 11:22:00,444 Add cart test : Test Passed 
2023-05-12 11:22:01,666 Launch browser test: Test started 
2023-05-12 11:22:10,231 Launch browser test : Test Passed 
2023-05-12 11:22:11,351 Total number of testcases : 4 
2023-05-12 11:22:11,351 Number of testcases Passed : 3 
2023-05-12 11:22:11,351 Number of testcases Failed : 1 
2023-05-12 11:22:11,351 Number of testcases Skipped  : 0 
2023-05-12 11:22:11,351 ************************** Test Execution Finished ************************************ 
2023-05-12 11:24:13,515 ************************** Test Execution Started ************************************ 
2023-05-12 11:24:18,960 Google search test: Test started 
2023-05-12 11:24:26,832 Google search test : Test Passed 
2023-05-12 11:24:32,729 Facebook login test: Test started 
2023-05-12 11:24:34,908 Facebook login test : Test Failed : Login failed : Test failed expected [true] but found [false] 
2023-05-12 11:24:45,755 Add cart test: Test started 
2023-05-12 11:25:05,029 Add cart test : Test Passed 
2023-05-12 11:25:06,402 Launch browser test: Test started 
2023-05-12 11:25:15,929 Launch browser test : Test Passed 
2023-05-12 11:25:15,933 Launch browser test : Test Failed : Session ID is null. Using WebDriver after calling quit()?
Build info: version: '3.141.59', revision: 'e82be7d358', time: '2018-11-14T08:17:03'
System info: host: 'AIPL3327LT12257', ip: '192.168.43.69', os.name: 'Windows 10', os.arch: 'amd64', os.version: '10.0', java.version: '17.0.6'
Driver info: driver.version: RemoteWebDriver 
2023-05-12 11:25:16,446 Total number of testcases : 4 
2023-05-12 11:25:16,446 Number of testcases Passed : 2 
2023-05-12 11:25:16,446 Number of testcases Failed : 1 
2023-05-12 11:25:16,446 Number of testcases Skipped  : 0 
2023-05-12 11:25:16,446 ************************** Test Execution Finished ************************************ 
2023-05-12 11:27:48,522 ************************** Test Execution Started ************************************ 
2023-05-12 11:27:53,899 Google search test: Test started 
2023-05-12 11:28:06,740 Google search test : Test Passed 
2023-05-12 11:28:12,209 Facebook login test: Test started 
2023-05-12 11:28:16,686 Facebook login test : Test Failed : Login failed : Test failed expected [true] but found [false] 
2023-05-12 11:28:27,820 Add cart test: Test started 
2023-05-12 11:28:44,814 Add cart test : Test Passed 
2023-05-12 11:28:50,475 Launch browser test: Test started 
2023-05-12 11:29:00,777 Launch browser test : Test Passed 
2023-05-12 11:29:02,524 Total number of testcases : 4 
2023-05-12 11:29:02,524 Number of testcases Passed : 3 
2023-05-12 11:29:02,524 Number of testcases Failed : 1 
2023-05-12 11:29:02,524 Number of testcases Skipped  : 0 
2023-05-12 11:29:02,524 ************************** Test Execution Finished ************************************ 
2023-05-12 11:30:22,919 ************************** Test Execution Started ************************************ 
2023-05-12 11:30:30,840 Google search test: Test started 
2023-05-12 11:30:43,236 Google search test : Test Passed 
2023-05-12 11:30:48,777 Facebook login test: Test started 
2023-05-12 11:31:00,224 Facebook login test : Test Failed : Login failed : Test failed expected [true] but found [false] 
2023-05-12 11:31:05,713 Add cart test: Test started 
2023-05-12 11:31:29,253 Add cart test : Test Passed 
2023-05-12 11:31:34,904 Launch browser test: Test started 
2023-05-12 11:31:46,417 Total number of testcases : 4 
2023-05-12 11:31:46,417 Number of testcases Passed : 2 
2023-05-12 11:31:46,417 Number of testcases Failed : 1 
2023-05-12 11:31:46,417 Number of testcases Skipped  : 0 
2023-05-12 11:31:46,417 ************************** Test Execution Finished ************************************ 
2023-05-12 11:32:54,796 ************************** Test Execution Started ************************************ 
2023-05-12 11:33:00,145 Google search test: Test started 
2023-05-12 11:33:13,975 Google search test : Test Passed 
2023-05-12 11:33:19,140 Facebook login test: Test started 
2023-05-12 11:33:29,762 Facebook login test : Test Failed : Login failed : Test failed expected [true] but found [false] 
2023-05-12 11:33:35,020 Add cart test: Test started 
2023-05-12 11:33:53,767 Add cart test : Test Passed 
2023-05-12 11:33:59,207 Launch browser test: Test started 
2023-05-12 11:34:09,441 Launch browser test : Test Passed 
2023-05-12 11:34:10,846 Total number of testcases : 4 
2023-05-12 11:34:10,846 Number of testcases Passed : 3 
2023-05-12 11:34:10,846 Number of testcases Failed : 1 
2023-05-12 11:34:10,846 Number of testcases Skipped  : 0 
2023-05-12 11:34:10,846 ************************** Test Execution Finished ************************************ 
2023-05-24 11:52:10,893 ************************** Test Execution Started ************************************ 
2023-05-24 11:52:21,232 Google search test: Test started 
2023-05-24 11:52:30,738 Google search test : Test Passed 
2023-05-24 11:52:35,284 Facebook login test: Test started 
2023-05-24 11:52:36,932 Facebook login test : Test Failed : Login failed : Test failed expected [true] but found [false] 
2023-05-24 11:52:49,404 Add cart test: Test started 
2023-05-24 11:53:07,162 Add cart test : Test Passed 
2023-05-24 11:53:18,120 Launch browser test: Test started 
2023-05-24 11:53:27,834 Launch browser test : Test Passed 
2023-05-24 11:53:29,693 Total number of testcases : 4 
2023-05-24 11:53:29,693 Number of testcases Passed : 3 
2023-05-24 11:53:29,693 Number of testcases Failed : 1 
2023-05-24 11:53:29,693 Number of testcases Skipped  : 0 
2023-05-24 11:53:29,693 ************************** Test Execution Finished ************************************ 
2023-05-24 11:56:10,105 ************************** Test Execution Started ************************************ 
2023-05-24 11:56:14,408 Google search test: Test started 
2023-05-24 11:56:20,134 Google search test : Test Passed 
2023-05-24 11:56:24,108 Facebook login test: Test started 
2023-05-24 11:56:25,618 Facebook login test : Test Failed : Login failed : Test failed expected [true] but found [false] 
2023-05-24 11:56:38,851 Add cart test: Test started 
2023-05-24 11:56:53,763 Add cart test : Test Passed 
2023-05-24 11:56:57,751 Launch browser test: Test started 
2023-05-24 11:57:06,695 Launch browser test : Test Passed 
2023-05-24 11:57:06,698 Launch browser test : Test Failed : Session ID is null. Using WebDriver after calling quit()?
Build info: version: '3.141.59', revision: 'e82be7d358', time: '2018-11-14T08:17:03'
System info: host: 'AIPL3327LT12257', ip: '192.168.29.69', os.name: 'Windows 10', os.arch: 'amd64', os.version: '10.0', java.version: '17.0.6'
Driver info: driver.version: RemoteWebDriver 
2023-05-24 11:57:07,681 Total number of testcases : 4 
2023-05-24 11:57:07,681 Number of testcases Passed : 2 
2023-05-24 11:57:07,681 Number of testcases Failed : 1 
2023-05-24 11:57:07,681 Number of testcases Skipped  : 0 
2023-05-24 11:57:07,681 ************************** Test Execution Finished ************************************ 
2023-05-24 12:00:26,144 ************************** Test Execution Started ************************************ 
2023-05-24 12:00:30,480 Google search test: Test started 
2023-05-24 12:00:35,542 Google search test : Test Passed 
2023-05-24 12:00:39,585 Facebook login test: Test started 
2023-05-24 12:00:40,897 Facebook login test : Test Failed : Login failed : Test failed expected [true] but found [false] 
2023-05-24 12:00:51,049 Add cart test: Test started 
2023-05-24 12:01:06,638 Add cart test : Test Passed 
2023-05-24 12:01:10,066 Launch browser test: Test started 
2023-05-24 12:01:17,151 Launch browser test : Test Passed 
2023-05-24 12:01:17,153 Launch browser test : Test Failed : Session ID is null. Using WebDriver after calling quit()?
Build info: version: '3.141.59', revision: 'e82be7d358', time: '2018-11-14T08:17:03'
System info: host: 'AIPL3327LT12257', ip: '192.168.29.69', os.name: 'Windows 10', os.arch: 'amd64', os.version: '10.0', java.version: '17.0.6'
Driver info: driver.version: RemoteWebDriver 
2023-05-24 12:01:18,003 Total number of testcases : 4 
2023-05-24 12:01:18,003 Number of testcases Passed : 2 
2023-05-24 12:01:18,003 Number of testcases Failed : 1 
2023-05-24 12:01:18,003 Number of testcases Skipped  : 0 
2023-05-24 12:01:18,003 ************************** Test Execution Finished ************************************ 
2023-05-24 12:03:03,246 ************************** Test Execution Started ************************************ 
2023-05-24 12:03:06,646 Google search test: Test started 
2023-05-24 12:03:10,878 Google search test : Test Passed 
2023-05-24 12:03:14,321 Facebook login test: Test started 
2023-05-24 12:03:15,595 Facebook login test : Test Failed : Login failed : Test failed expected [true] but found [false] 
2023-05-24 12:03:26,764 Add cart test: Test started 
2023-05-24 12:03:41,484 Add cart test : Test Passed 
2023-05-24 12:03:45,061 Launch browser test: Test started 
2023-05-24 12:03:51,857 Launch browser test : Test Passed 
2023-05-24 12:03:53,000 Total number of testcases : 4 
2023-05-24 12:03:53,000 Number of testcases Passed : 3 
2023-05-24 12:03:53,000 Number of testcases Failed : 1 
2023-05-24 12:03:53,000 Number of testcases Skipped  : 0 
2023-05-24 12:03:53,000 ************************** Test Execution Finished ************************************ 
2023-05-29 12:17:15,229 ************************** Test Execution Started ************************************ 
2023-05-29 12:17:25,461 Google search test: Test started 
2023-05-29 12:17:34,046 Google search test : Test Passed 
2023-05-29 12:17:36,910 Facebook login test: Test started 
2023-05-29 12:17:45,101 Facebook login test : Test Failed : Login failed : Test failed expected [true] but found [false] 
2023-05-29 12:17:47,887 Add cart test: Test started 
2023-05-29 12:18:04,870 Add cart test : Test Passed 
2023-05-29 12:18:08,186 Launch browser test: Test started 
2023-05-29 12:18:16,325 Launch browser test : Test Passed 
2023-05-29 12:18:18,007 Total number of testcases : 4 
2023-05-29 12:18:18,007 Number of testcases Passed : 3 
2023-05-29 12:18:18,007 Number of testcases Failed : 1 
2023-05-29 12:18:18,007 Number of testcases Skipped  : 0 
2023-05-29 12:18:18,007 ************************** Test Execution Finished ************************************ 
